<?xml version="1.0" encoding="UTF-8"?>
<!-- Generated by org.testng.reporters.JUnitReportReporter -->
<testsuite skipped="0" hostname="DayBreak.local" name="TestXunit.LoginTest" tests="4" failures="0" timestamp="09 八月 2019 16:35:18 GMT" time="0.006" errors="0">
  <testcase name="testUserLogin" time="0.000" classname="TestXunit.LoginTest"/>
  <testcase name="testUserLogin" time="0.000" classname="TestXunit.LoginTest"/>
  <testcase name="testUserLogin" time="0.006" classname="TestXunit.LoginTest"/>
  <testcase name="testUserLogin" time="0.000" classname="TestXunit.LoginTest"/>
</testsuite> <!-- TestXunit.LoginTest -->
