<?xml version="1.0" encoding="UTF-8"?>
<!-- Generated by org.testng.reporters.JUnitReportReporter -->
<testsuite skipped="0" hostname="DayBreak.local" name="TestXunit.ShoppingTest" tests="7" failures="0" timestamp="10 八月 2019 16:36:49 GMT" time="0.013" errors="0">
  <testcase name="testGetPrice" time="0.002" classname="TestXunit.ShoppingTest"/>
  <testcase name="testGetPrice" time="0.001" classname="TestXunit.ShoppingTest"/>
  <testcase name="testGetPrice" time="0.001" classname="TestXunit.ShoppingTest"/>
  <testcase name="testGetPrice" time="0.002" classname="TestXunit.ShoppingTest"/>
  <testcase name="testGetPrice" time="0.003" classname="TestXunit.ShoppingTest"/>
  <testcase name="testGetPrice" time="0.002" classname="TestXunit.ShoppingTest"/>
  <testcase name="testGetPrice" time="0.002" classname="TestXunit.ShoppingTest"/>
</testsuite> <!-- TestXunit.ShoppingTest -->
