<?xml version="1.0" encoding="UTF-8"?>
<!-- Generated by org.testng.reporters.JUnitReportReporter -->
<testsuite skipped="0" hostname="DayBreak.local" name="TestXunit.LoginTest" tests="4" failures="0" timestamp="10 八月 2019 16:36:49 GMT" time="0.150" errors="0">
  <testcase name="testUserLogin" time="0.006" classname="TestXunit.LoginTest"/>
  <testcase name="testUserLogin" time="0.132" classname="TestXunit.LoginTest"/>
  <testcase name="testUserLogin" time="0.006" classname="TestXunit.LoginTest"/>
  <testcase name="testUserLogin" time="0.006" classname="TestXunit.LoginTest"/>
</testsuite> <!-- TestXunit.LoginTest -->
